<?xml version="1.0" encoding="UTF-8"?>
<!-- Generated by org.testng.reporters.JUnitXMLReporter -->
<testsuite ignored="0" hostname="TRPL-PUN-0093" failures="0" tests="8" name="Default test" time="531.109" errors="0" timestamp="2024-07-05T02:13:45 IST">
  <testcase classname="CompanyAdminPOM.AdminTestCase" name="Login" time="12.988"/>
  <testcase classname="CompanyAdminPOM.AdminTestCase" name="contractadd" time="83.141"/>
  <testcase classname="CompanyAdminPOM.AdminTestCase" name="contractdetailstab" time="93.708"/>
  <testcase classname="CompanyAdminPOM.AdminTestCase" name="contractagreementpage" time="92.799"/>
  <testcase classname="CompanyAdminPOM.AdminTestCase" name="contractdocumenttab" time="63.394"/>
  <testcase classname="CompanyAdminPOM.AdminTestCase" name="contractmilestone" time="78.892"/>
  <testcase classname="CompanyAdminPOM.AdminTestCase" name="contracttask" time="77.737"/>
  <testcase classname="CompanyAdminPOM.AdminTestCase" name="contractauditlog" time="21.084"/>
</testsuite> <!-- Default test -->
